<?xml version="1.0" encoding="UTF-8" ?>
<testsuite tests="16" failures="0" name="br.com.contmatic.estudos.prova02.guava.PessoaTest" time="0" errors="0" skipped="0">
  <properties>
    <property name="java.runtime.name" value="Java(TM) SE Runtime Environment"/>
    <property name="sun.boot.library.path" value="C:\Program Files\Java\jdk1.8.0_221\jre\bin"/>
    <property name="java.vm.version" value="25.221-b11"/>
    <property name="java.vm.vendor" value="Oracle Corporation"/>
    <property name="maven.multiModuleProjectDirectory" value="C:\Users\jonathan.lira\Documents\workspaceEstudosProva02\EstudosProva02"/>
    <property name="java.vendor.url" value="http://java.oracle.com/"/>
    <property name="path.separator" value=";"/>
    <property name="guice.disable.misplaced.annotation.check" value="true"/>
    <property name="java.vm.name" value="Java HotSpot(TM) 64-Bit Server VM"/>
    <property name="file.encoding.pkg" value="sun.io"/>
    <property name="user.script" value=""/>
    <property name="user.country" value="BR"/>
    <property name="sun.java.launcher" value="SUN_STANDARD"/>
    <property name="sun.os.patch.level" value=""/>
    <property name="java.vm.specification.name" value="Java Virtual Machine Specification"/>
    <property name="user.dir" value="C:\Users\jonathan.lira\Documents\workspaceEstudosProva02\EstudosProva02"/>
    <property name="java.runtime.version" value="1.8.0_221-b11"/>
    <property name="java.awt.graphicsenv" value="sun.awt.Win32GraphicsEnvironment"/>
    <property name="java.endorsed.dirs" value="C:\Program Files\Java\jdk1.8.0_221\jre\lib\endorsed"/>
    <property name="os.arch" value="amd64"/>
    <property name="java.io.tmpdir" value="C:\Users\JONATH~1.LIR\AppData\Local\Temp\"/>
    <property name="line.separator" value="
"/>
    <property name="java.vm.specification.vendor" value="Oracle Corporation"/>
    <property name="user.variant" value=""/>
    <property name="os.name" value="Windows 10"/>
    <property name="classworlds.conf" value="C:\Users\jonathan.lira\Documents\workspaceEstudosProva02\.metadata\.plugins\org.eclipse.m2e.launching\launches\m2conf5191916846826103798.tmp"/>
    <property name="jansi.force" value="true"/>
    <property name="sun.jnu.encoding" value="Cp1252"/>
    <property name="java.library.path" value="C:\Program Files\Java\jdk1.8.0_221\bin;C:\Windows\Sun\Java\bin;C:\Windows\system32;C:\Windows;C:/Program Files/Java/jre1.8.0_221/bin/server;C:/Program Files/Java/jre1.8.0_221/bin;C:/Program Files/Java/jre1.8.0_221/lib/amd64;C:\Program Files (x86)\Common Files\Oracle\Java\javapath;C:\Program Files (x86)\Intel\Intel(R) Management Engine Components\iCLS\;C:\Program Files\Intel\Intel(R) Management Engine Components\iCLS\;C:\Windows\system32;C:\Windows;C:\Windows\System32\Wbem;C:\Windows\System32\WindowsPowerShell\v1.0\;C:\Program Files (x86)\Intel\Intel(R) Management Engine Components\DAL;C:\Program Files\Intel\Intel(R) Management Engine Components\DAL;C:\Program Files (x86)\Intel\Intel(R) Management Engine Components\IPT;C:\Program Files\Intel\Intel(R) Management Engine Components\IPT;C:\Program Files\Git\cmd;C:\Users\jonathan.lira\AppData\Local\Microsoft\WindowsApps;;C:\Users\jonathan.lira\Downloads\spring-tool-suite-3.9.9.RELEASE-e4.12.0-win32-x86_64\sts-bundle\sts-3.9.9.RELEASE;;."/>
    <property name="jansi.passthrough" value="true"/>
    <property name="java.specification.name" value="Java Platform API Specification"/>
    <property name="java.class.version" value="52.0"/>
    <property name="sun.management.compiler" value="HotSpot 64-Bit Tiered Compilers"/>
    <property name="os.version" value="10.0"/>
    <property name="user.home" value="C:\Users\jonathan.lira"/>
    <property name="user.timezone" value="America/Sao_Paulo"/>
    <property name="java.awt.printerjob" value="sun.awt.windows.WPrinterJob"/>
    <property name="java.specification.version" value="1.8"/>
    <property name="file.encoding" value="UTF-8"/>
    <property name="user.name" value="jonathan.lira"/>
    <property name="java.class.path" value="C:\Users\jonathan.lira\Downloads\spring-tool-suite-3.9.9.RELEASE-e4.12.0-win32-x86_64\sts-bundle\sts-3.9.9.RELEASE\plugins\org.eclipse.m2e.maven.runtime_1.12.0.20190529-1915\jars\plexus-classworlds-2.6.0.jar"/>
    <property name="java.vm.specification.version" value="1.8"/>
    <property name="sun.arch.data.model" value="64"/>
    <property name="java.home" value="C:\Program Files\Java\jdk1.8.0_221\jre"/>
    <property name="sun.java.command" value="org.codehaus.plexus.classworlds.launcher.Launcher -B install -Dstyle.color=always"/>
    <property name="java.specification.vendor" value="Oracle Corporation"/>
    <property name="user.language" value="pt"/>
    <property name="awt.toolkit" value="sun.awt.windows.WToolkit"/>
    <property name="java.vm.info" value="mixed mode"/>
    <property name="java.version" value="1.8.0_221"/>
    <property name="java.ext.dirs" value="C:\Program Files\Java\jdk1.8.0_221\jre\lib\ext;C:\Windows\Sun\Java\lib\ext"/>
    <property name="sun.boot.class.path" value="C:\Program Files\Java\jdk1.8.0_221\jre\lib\resources.jar;C:\Program Files\Java\jdk1.8.0_221\jre\lib\rt.jar;C:\Program Files\Java\jdk1.8.0_221\jre\lib\sunrsasign.jar;C:\Program Files\Java\jdk1.8.0_221\jre\lib\jsse.jar;C:\Program Files\Java\jdk1.8.0_221\jre\lib\jce.jar;C:\Program Files\Java\jdk1.8.0_221\jre\lib\charsets.jar;C:\Program Files\Java\jdk1.8.0_221\jre\lib\jfr.jar;C:\Program Files\Java\jdk1.8.0_221\jre\classes"/>
    <property name="java.vendor" value="Oracle Corporation"/>
    <property name="maven.home" value="C:\Users\jonathan.lira\Documents\workspaceEstudosProva02\EstudosProva02\EMBEDDED"/>
    <property name="style.color" value="always"/>
    <property name="file.separator" value="\"/>
    <property name="java.vendor.url.bug" value="http://bugreport.sun.com/bugreport/"/>
    <property name="sun.cpu.endian" value="little"/>
    <property name="sun.io.unicode.encoding" value="UnicodeLittle"/>
    <property name="sun.desktop" value="windows"/>
    <property name="sun.cpu.isalist" value="amd64"/>
  </properties>
  <testcase classname="br.com.contmatic.estudos.prova02.guava.PessoaTest" name="deve_aceitar_idade_positiva_ate_120_anos" time="0"/>
  <testcase classname="br.com.contmatic.estudos.prova02.guava.PessoaTest" name="nao_deve_aceitar_rg_nulo" time="0"/>
  <testcase classname="br.com.contmatic.estudos.prova02.guava.PessoaTest" name="nao_deve_aceitar_nome_em_branco" time="0"/>
  <testcase classname="br.com.contmatic.estudos.prova02.guava.PessoaTest" name="deve_permitir_continuacao_com_estado_desejado" time="0"/>
  <testcase classname="br.com.contmatic.estudos.prova02.guava.PessoaTest" name="deve_aceitar_nome_valido" time="0"/>
  <testcase classname="br.com.contmatic.estudos.prova02.guava.PessoaTest" name="nao_deve_aceitar_cpf_nulo" time="0"/>
  <testcase classname="br.com.contmatic.estudos.prova02.guava.PessoaTest" name="nao_deve_aceitar_rg_em_branco" time="0"/>
  <testcase classname="br.com.contmatic.estudos.prova02.guava.PessoaTest" name="nao_deve_aceitar_nome_nulo" time="0"/>
  <testcase classname="br.com.contmatic.estudos.prova02.guava.PessoaTest" name="nao_deve_permitir_continuacao_com_estado_nao_desejado" time="0"/>
  <testcase classname="br.com.contmatic.estudos.prova02.guava.PessoaTest" name="deve_aceitar_indice_dentro_dos_limites_da_lista" time="0"/>
  <testcase classname="br.com.contmatic.estudos.prova02.guava.PessoaTest" name="nao_deve_aceitar_idade_negativa" time="0"/>
  <testcase classname="br.com.contmatic.estudos.prova02.guava.PessoaTest" name="nao_deve_aceitar_idade_positiva_superior_a_120_anos" time="0"/>
  <testcase classname="br.com.contmatic.estudos.prova02.guava.PessoaTest" name="deve_aceitar_cpf" time="0"/>
  <testcase classname="br.com.contmatic.estudos.prova02.guava.PessoaTest" name="nao_deve_aceitar_cpf_em_branco" time="0"/>
  <testcase classname="br.com.contmatic.estudos.prova02.guava.PessoaTest" name="nao_deve_aceitar_idade_nula" time="0"/>
  <testcase classname="br.com.contmatic.estudos.prova02.guava.PessoaTest" name="nao_deve_aceitar_indice_maior_que_o_tamanho_da_lista" time="0"/>
</testsuite>